<?xml version="1.0" encoding="UTF-8"?>
<!-- Generated by org.testng.reporters.JUnitReportReporter -->
<testsuite hostname="Mohannas-MBP.home" name="com.qa.verizon.tests.PhonePageTest" tests="2" failures="0" timestamp="22 Jul 2020 02:07:11 GMT" time="89.436" errors="0">
  <testcase name="verfiyselectPhone" time="84.390" classname="com.qa.verizon.tests.PhonePageTest"/>
  <testcase name="verifyPageTitleTest" time="5.046" classname="com.qa.verizon.tests.PhonePageTest"/>
</testsuite> <!-- com.qa.verizon.tests.PhonePageTest -->
