<?xml version="1.0" encoding="UTF-8"?>
<!-- Generated by org.testng.reporters.JUnitReportReporter -->
<testsuite hostname="Mohannas-MBP.home" name="com.qa.verizon.tests.SmartPhonePageTest" tests="2" failures="0" timestamp="22 Jul 2020 02:08:59 GMT" time="66.332" errors="0">
  <testcase name="VerfiyPhone" time="11.228" classname="com.qa.verizon.tests.SmartPhonePageTest"/>
  <testcase name="verifyPageTitleTest" time="55.104" classname="com.qa.verizon.tests.SmartPhonePageTest"/>
</testsuite> <!-- com.qa.verizon.tests.SmartPhonePageTest -->
